[2019-11-01T13:56:18.044] [DEBUG] kryptoLog - ##### Enter: getAllMachineProfiles #####
[2019-11-01T13:56:18.050] [DEBUG] kryptoLog - ######################
[2019-11-01T13:56:18.052] [DEBUG] kryptoLog - {}
[2019-11-01T14:01:50.163] [DEBUG] kryptoLog - ##### Enter: getAllMachineProfiles #####
[2019-11-01T14:01:50.165] [DEBUG] kryptoLog - ######################
[2019-11-01T14:01:50.167] [DEBUG] kryptoLog - {}
[2019-11-01T14:01:54.147] [DEBUG] kryptoLog - ##### Enter: deleteMachineProfile #####
[2019-11-01T14:01:54.198] [DEBUG] kryptoLog - ######################
[2019-11-01T14:01:54.199] [DEBUG] kryptoLog - {}
[2019-11-01T14:01:54.201] [DEBUG] kryptoLog - ######################
[2019-11-01T14:01:54.202] [DEBUG] kryptoLog - {}
[2019-11-01T14:01:54.385] [DEBUG] kryptoLog - ##### Deleted MachineProfile result #####
[2019-11-01T14:01:54.386] [DEBUG] kryptoLog - { n: 0, ok: 1, deletedCount: 0 }
[2019-11-01T14:02:36.120] [DEBUG] kryptoLog - ##### Enter: deleteMachineProfile #####
[2019-11-01T14:02:36.130] [DEBUG] kryptoLog - ######################
[2019-11-01T14:02:36.132] [DEBUG] kryptoLog - {}
[2019-11-01T14:02:36.133] [DEBUG] kryptoLog - ######################
[2019-11-01T14:02:36.135] [DEBUG] kryptoLog - {}
[2019-11-01T14:02:36.151] [DEBUG] kryptoLog - ##### Deleted MachineProfile result #####
[2019-11-01T14:02:36.156] [DEBUG] kryptoLog - { n: 0, ok: 1, deletedCount: 0 }
[2019-11-01T14:05:28.458] [DEBUG] kryptoLog - ##### Enter: getAllMachineProfiles #####
[2019-11-01T14:05:28.466] [DEBUG] kryptoLog - ######################
[2019-11-01T14:05:28.469] [DEBUG] kryptoLog - {}
[2019-11-01T14:05:32.197] [DEBUG] kryptoLog - ##### Enter: deleteMachineProfile #####
[2019-11-01T14:05:32.223] [DEBUG] kryptoLog - ######################
[2019-11-01T14:05:32.223] [DEBUG] kryptoLog - {}
[2019-11-01T14:05:32.226] [DEBUG] kryptoLog - ######################
[2019-11-01T14:05:32.227] [DEBUG] kryptoLog - { _id: '5dbbc61c706f3a24d0a4e5e6',
  username: '444444',
  address: 'bbbbbb',
  platform_id: 'id1111',
  safe: 'YES',
  uid: 'dlwbyk79sk2fppvik',
  __v: 0,
  status: '' }
[2019-11-01T14:05:32.279] [DEBUG] kryptoLog - ##### Deleted MachineProfile result #####
[2019-11-01T14:05:32.282] [DEBUG] kryptoLog - { n: 1, ok: 1, deletedCount: 1 }
[2019-11-01T14:05:44.549] [DEBUG] kryptoLog - ##### Enter: deleteMachineProfile #####
[2019-11-01T14:05:44.563] [DEBUG] kryptoLog - ######################
[2019-11-01T14:05:44.564] [DEBUG] kryptoLog - {}
[2019-11-01T14:05:44.566] [DEBUG] kryptoLog - ######################
[2019-11-01T14:05:44.567] [DEBUG] kryptoLog - { _id: '5dbbc61c706f3a24d0a4e5e6',
  username: '444444',
  address: 'bbbbbb',
  platform_id: 'id1111',
  safe: 'YES',
  uid: 'dlwbyk79sk2fppvik',
  __v: 0,
  status: '' }
[2019-11-01T14:05:44.571] [DEBUG] kryptoLog - ##### Deleted MachineProfile result #####
[2019-11-01T14:05:44.572] [DEBUG] kryptoLog - { n: 0, ok: 1, deletedCount: 0 }
[2019-11-01T14:06:36.160] [DEBUG] kryptoLog - ##### Enter: getAllMachineProfiles #####
[2019-11-01T14:06:36.163] [DEBUG] kryptoLog - ######################
[2019-11-01T14:06:36.165] [DEBUG] kryptoLog - {}
[2019-11-01T14:12:00.960] [DEBUG] kryptoLog - ##### Enter: getAllMachineProfiles #####
[2019-11-01T14:12:00.962] [DEBUG] kryptoLog - ######################
[2019-11-01T14:12:00.963] [DEBUG] kryptoLog - {}
[2019-11-01T14:12:22.656] [DEBUG] kryptoLog - ##### Enter: addMachineProfile #####
[2019-11-01T14:12:22.664] [DEBUG] kryptoLog - ######################
[2019-11-01T14:12:22.666] [DEBUG] kryptoLog - {}
[2019-11-01T14:12:22.667] [DEBUG] kryptoLog - ######################
[2019-11-01T14:12:22.669] [DEBUG] kryptoLog - { username: 'aaaaaaaaa',
  address: 'bbbbbb',
  platform_id: 'id1111',
  safe: 'YES' }
[2019-11-01T14:12:22.681] [DEBUG] kryptoLog - ##### addMachineProfile result #####
[2019-11-01T14:12:22.684] [DEBUG] kryptoLog - null
[2019-11-01T14:12:22.686] [DEBUG] kryptoLog - ##### addMachineProfile new uid #####
[2019-11-01T14:12:22.687] [DEBUG] kryptoLog - ah9mqy390k2fw3c67
[2019-11-01T14:12:22.703] [DEBUG] kryptoLog - ##### save MachineProfile result #####
[2019-11-01T14:12:22.707] [DEBUG] kryptoLog - { _id: 5dbbefeeea81e210748be52c,
  username: 'aaaaaaaaa',
  address: 'bbbbbb',
  platform_id: 'id1111',
  safe: 'YES',
  uid: 'ah9mqy390k2fw3c67',
  __v: 0 }
[2019-11-01T14:12:24.351] [DEBUG] kryptoLog - ##### Enter: getAllMachineProfiles #####
[2019-11-01T14:12:24.358] [DEBUG] kryptoLog - ######################
[2019-11-01T14:12:24.360] [DEBUG] kryptoLog - {}
[2019-11-01T14:12:31.311] [DEBUG] kryptoLog - ##### Enter: deleteMachineProfile #####
[2019-11-01T14:12:31.322] [DEBUG] kryptoLog - ######################
[2019-11-01T14:12:31.326] [DEBUG] kryptoLog - {}
[2019-11-01T14:12:31.328] [DEBUG] kryptoLog - ######################
[2019-11-01T14:12:31.331] [DEBUG] kryptoLog - { _id: '5dbbefeeea81e210748be52c',
  username: 'aaaaaaaaa',
  address: 'bbbbbb',
  platform_id: 'id1111',
  safe: 'YES',
  uid: 'ah9mqy390k2fw3c67',
  __v: 0 }
[2019-11-01T14:12:31.336] [DEBUG] kryptoLog - ##### Deleted MachineProfile result #####
[2019-11-01T14:12:31.338] [DEBUG] kryptoLog - { n: 1, ok: 1, deletedCount: 1 }
[2019-11-01T14:12:36.834] [DEBUG] kryptoLog - ##### Enter: addMachineProfile #####
[2019-11-01T14:12:36.849] [DEBUG] kryptoLog - ######################
[2019-11-01T14:12:36.851] [DEBUG] kryptoLog - {}
[2019-11-01T14:12:36.852] [DEBUG] kryptoLog - ######################
[2019-11-01T14:12:36.854] [DEBUG] kryptoLog - { username: 'aaaaaaaaa',
  address: 'bbbbbb',
  platform_id: 'id1111',
  safe: 'YES' }
[2019-11-01T14:12:36.861] [DEBUG] kryptoLog - ##### addMachineProfile result #####
[2019-11-01T14:12:36.863] [DEBUG] kryptoLog - null
[2019-11-01T14:12:36.865] [DEBUG] kryptoLog - ##### addMachineProfile new uid #####
[2019-11-01T14:12:36.869] [DEBUG] kryptoLog - ah9mqy390k2fw3n40
[2019-11-01T14:12:36.874] [DEBUG] kryptoLog - ##### save MachineProfile result #####
[2019-11-01T14:12:36.878] [DEBUG] kryptoLog - { _id: 5dbbeffcea81e210748be52d,
  username: 'aaaaaaaaa',
  address: 'bbbbbb',
  platform_id: 'id1111',
  safe: 'YES',
  uid: 'ah9mqy390k2fw3n40',
  __v: 0 }
[2019-11-01T14:12:38.079] [DEBUG] kryptoLog - ##### Enter: getAllMachineProfiles #####
[2019-11-01T14:12:38.082] [DEBUG] kryptoLog - ######################
[2019-11-01T14:12:38.084] [DEBUG] kryptoLog - {}
[2019-11-01T14:12:46.546] [DEBUG] kryptoLog - ##### Enter: deleteMachineProfile #####
[2019-11-01T14:12:46.611] [DEBUG] kryptoLog - ######################
[2019-11-01T14:12:46.613] [DEBUG] kryptoLog - {}
[2019-11-01T14:12:46.615] [DEBUG] kryptoLog - ######################
[2019-11-01T14:12:46.617] [DEBUG] kryptoLog - { _id: '5dbbeffcea81e210748be52d',
  username: 'aaaaaaaaa',
  address: 'bbbbbb',
  platform_id: 'id1111',
  safe: 'YES',
  uid: 'ah9mqy390k2fw3n40',
  __v: 0 }
[2019-11-01T14:12:46.623] [DEBUG] kryptoLog - ##### Deleted MachineProfile result #####
[2019-11-01T14:12:46.631] [DEBUG] kryptoLog - { n: 1, ok: 1, deletedCount: 1 }
[2019-11-04T11:34:49.580] [DEBUG] kryptoLog - ##### Enter: getAllMachineProfiles #####
[2019-11-04T11:34:49.589] [DEBUG] kryptoLog - ######################
[2019-11-04T11:34:49.591] [DEBUG] kryptoLog - {}
[2019-11-04T11:36:01.504] [DEBUG] kryptoLog - ##### Enter: getAllMachineProfiles #####
[2019-11-04T11:36:01.506] [DEBUG] kryptoLog - ######################
[2019-11-04T11:36:01.507] [DEBUG] kryptoLog - {}
[2019-11-04T12:05:37.359] [DEBUG] kryptoLog - ##### Enter: getAllMachineProfiles #####
[2019-11-04T12:05:37.364] [DEBUG] kryptoLog - ######################
[2019-11-04T12:05:37.366] [DEBUG] kryptoLog - {}
[2019-11-04T12:07:55.384] [DEBUG] kryptoLog - ##### Enter: getAllMachineProfiles #####
[2019-11-04T12:07:55.387] [DEBUG] kryptoLog - ######################
[2019-11-04T12:07:55.388] [DEBUG] kryptoLog - {}
[2019-11-04T12:08:49.504] [DEBUG] kryptoLog - ##### Enter: getAllMachineProfiles #####
[2019-11-04T12:08:49.507] [DEBUG] kryptoLog - ######################
[2019-11-04T12:08:49.508] [DEBUG] kryptoLog - {}
[2019-11-04T12:14:11.652] [DEBUG] kryptoLog - ##### Enter: getAllMachineProfiles #####
[2019-11-04T12:14:11.658] [DEBUG] kryptoLog - ######################
[2019-11-04T12:14:11.662] [DEBUG] kryptoLog - {}
[2019-11-04T12:16:34.643] [DEBUG] kryptoLog - ##### Enter: getAllUserProfiles #####
[2019-11-04T12:16:34.646] [DEBUG] kryptoLog - ######################
[2019-11-04T12:16:34.647] [DEBUG] kryptoLog - {}
[2019-11-04T12:29:16.913] [DEBUG] kryptoLog - ##### Enter: getAllMachineProfiles #####
[2019-11-04T12:29:16.915] [DEBUG] kryptoLog - ######################
[2019-11-04T12:29:16.924] [DEBUG] kryptoLog - {}
[2019-11-04T12:29:41.624] [DEBUG] kryptoLog - ##### Enter: getAllUserProfiles #####
[2019-11-04T12:29:41.642] [DEBUG] kryptoLog - ######################
[2019-11-04T12:29:41.644] [DEBUG] kryptoLog - {}
[2019-11-04T12:35:03.725] [DEBUG] kryptoLog - ##### Enter: getAllMachineProfiles #####
[2019-11-04T12:35:03.729] [DEBUG] kryptoLog - ######################
[2019-11-04T12:35:03.731] [DEBUG] kryptoLog - {}
[2019-11-04T12:41:29.913] [DEBUG] kryptoLog - ##### Enter: getAllUserProfiles #####
[2019-11-04T12:41:29.919] [DEBUG] kryptoLog - ######################
[2019-11-04T12:41:29.921] [DEBUG] kryptoLog - {}
[2019-11-04T12:41:31.591] [DEBUG] kryptoLog - ##### Enter: getAllMachineProfiles #####
[2019-11-04T12:41:31.594] [DEBUG] kryptoLog - ######################
[2019-11-04T12:41:31.596] [DEBUG] kryptoLog - {}
[2019-11-04T12:41:37.145] [DEBUG] kryptoLog - ##### Enter: addMachineProfile #####
[2019-11-04T12:41:37.148] [DEBUG] kryptoLog - ######################
[2019-11-04T12:41:37.149] [DEBUG] kryptoLog - {}
[2019-11-04T12:41:37.151] [DEBUG] kryptoLog - ######################
[2019-11-04T12:41:37.152] [DEBUG] kryptoLog - { username: 'tim1',
  password: '123',
  address: '12.56.478.2',
  platform_id: 'PLAT_1',
  safe: 'YES' }
[2019-11-04T12:41:37.166] [DEBUG] kryptoLog - ##### addMachineProfile result #####
[2019-11-04T12:41:37.169] [DEBUG] kryptoLog - null
[2019-11-04T12:41:37.171] [DEBUG] kryptoLog - ##### addMachineProfile new uid #####
[2019-11-04T12:41:37.172] [DEBUG] kryptoLog - 347sj5tgk2k366dw
[2019-11-04T12:41:37.217] [DEBUG] kryptoLog - ##### save MachineProfile result #####
[2019-11-04T12:41:37.219] [DEBUG] kryptoLog - { _id: 5dbfcf29fbc6e31d74949a12,
  username: 'tim1',
  password: '123',
  address: '12.56.478.2',
  platform_id: 'PLAT_1',
  safe: 'YES',
  uid: '347sj5tgk2k366dw',
  __v: 0 }
[2019-11-04T12:41:38.993] [DEBUG] kryptoLog - ##### Enter: getAllMachineProfiles #####
[2019-11-04T12:41:38.997] [DEBUG] kryptoLog - ######################
[2019-11-04T12:41:38.998] [DEBUG] kryptoLog - {}
[2019-11-04T12:41:49.515] [DEBUG] kryptoLog - ##### Enter: editMachineProfile #####
[2019-11-04T12:41:49.517] [DEBUG] kryptoLog - ######################
[2019-11-04T12:41:49.519] [DEBUG] kryptoLog - {}
[2019-11-04T12:41:49.520] [DEBUG] kryptoLog - ######################
[2019-11-04T12:41:49.522] [DEBUG] kryptoLog - { _id: '5dbfcf29fbc6e31d74949a12',
  username: 'tim1',
  password: '123',
  address: '12.56.478.2',
  platform_id: 'PLAT_1',
  safe: 'YES',
  uid: '347sj5tgk2k366dw',
  __v: 0,
  status: 'active',
  platformid: '' }
[2019-11-04T12:41:49.540] [DEBUG] kryptoLog - ##### Edited MachineProfile result #####
[2019-11-04T12:41:49.542] [DEBUG] kryptoLog - { n: 1, nModified: 1, ok: 1 }
[2019-11-04T12:43:03.921] [DEBUG] kryptoLog - ##### Enter: editMachineProfile #####
[2019-11-04T12:43:03.926] [DEBUG] kryptoLog - ######################
[2019-11-04T12:43:03.928] [DEBUG] kryptoLog - {}
[2019-11-04T12:43:03.929] [DEBUG] kryptoLog - ######################
[2019-11-04T12:43:03.930] [DEBUG] kryptoLog - { _id: '5dbfcf29fbc6e31d74949a12',
  username: 'tim1',
  password: '123',
  address: '12.56.478.2',
  platform_id: 'PLAT_1',
  safe: 'YES',
  uid: '347sj5tgk2k366dw',
  __v: 0,
  status: 'inactive',
  platformid: '' }
[2019-11-04T12:43:03.956] [DEBUG] kryptoLog - ##### Edited MachineProfile result #####
[2019-11-04T12:43:03.960] [DEBUG] kryptoLog - { n: 1, nModified: 1, ok: 1 }
[2019-11-04T12:43:26.572] [DEBUG] kryptoLog - ##### Enter: getAllMachineProfiles #####
[2019-11-04T12:43:26.575] [DEBUG] kryptoLog - ######################
[2019-11-04T12:43:26.577] [DEBUG] kryptoLog - {}
[2019-11-04T12:49:51.064] [DEBUG] kryptoLog - ##### Enter: getAllMachineProfiles #####
[2019-11-04T12:49:51.068] [DEBUG] kryptoLog - ######################
[2019-11-04T12:49:51.070] [DEBUG] kryptoLog - {}
[2019-11-04T12:51:17.739] [DEBUG] kryptoLog - ##### Enter: getAllMachineProfiles #####
[2019-11-04T12:51:17.743] [DEBUG] kryptoLog - ######################
[2019-11-04T12:51:17.750] [DEBUG] kryptoLog - {}
[2019-11-04T12:52:57.132] [DEBUG] kryptoLog - ##### Enter: getAllMachineProfiles #####
[2019-11-04T12:52:57.136] [DEBUG] kryptoLog - ######################
[2019-11-04T12:52:57.137] [DEBUG] kryptoLog - {}
[2019-11-04T12:54:15.647] [DEBUG] kryptoLog - ##### Enter: getAllMachineProfiles #####
[2019-11-04T12:54:15.650] [DEBUG] kryptoLog - ######################
[2019-11-04T12:54:15.652] [DEBUG] kryptoLog - {}
[2019-11-04T12:56:55.007] [DEBUG] kryptoLog - ##### Enter: getAllMachineProfiles #####
[2019-11-04T12:56:55.012] [DEBUG] kryptoLog - ######################
[2019-11-04T12:56:55.013] [DEBUG] kryptoLog - {}
[2019-11-04T12:56:55.044] [DEBUG] kryptoLog - ##### Success getAllMachineProfiles #####
[2019-11-04T12:56:55.046] [DEBUG] kryptoLog - [ { _id: 5db02a63ddedb614b087ebfa,
    status: 'inactive',
    username: 'gary9',
    address: 'LinuxDomain',
    uid: '2obl04434k234s4f3',
    safe: "<a href='google.com'> Google </a>",
    __v: 0 },
  { _id: 5db02a79ddedb614b087ebfc,
    status: 'active',
    username: 'tim95',
    address: 'WinDomain',
    uid: '2obl04434k234sl06',
    __v: 0 },
  { _id: 5dbfcf29fbc6e31d74949a12,
    username: 'tim1',
    password: '123',
    address: '12.56.478.2',
    platform_id: 'PLAT_1',
    safe: 'YES',
    uid: '347sj5tgk2k366dw',
    __v: 0,
    status: 'inactive' } ]
[2019-11-04T12:57:16.537] [DEBUG] kryptoLog - ##### Enter: editMachineProfile #####
[2019-11-04T12:57:16.540] [DEBUG] kryptoLog - ######################
[2019-11-04T12:57:16.542] [DEBUG] kryptoLog - {}
[2019-11-04T12:57:16.543] [DEBUG] kryptoLog - ######################
[2019-11-04T12:57:16.545] [DEBUG] kryptoLog - { _id: '5db02a79ddedb614b087ebfc',
  status: 'active',
  username: 'tim95',
  address: 'WinDomain',
  uid: '2obl04434k234sl06',
  __v: 0,
  platform_id: 'KLP',
  safe: '' }
[2019-11-04T12:57:16.582] [DEBUG] kryptoLog - ##### Edited MachineProfile result #####
[2019-11-04T12:57:16.584] [DEBUG] kryptoLog - { n: 1, nModified: 1, ok: 1 }
